<?xml version="1.0" encoding="UTF-8"?>
<!-- Generated by org.testng.reporters.JUnitReportReporter -->
<testsuite hostname="LAPTOP-QC1KKNSF" failures="0" tests="1" name="com.test.TcAccountRegistrationTest" time="2.531" errors="0" timestamp="2024-09-05T15:58:20 IST" skipped="0">
  <testcase classname="com.test.TcAccountRegistrationTest" name="verify_account_registration" time="2.531"/>
</testsuite> <!-- com.test.TcAccountRegistrationTest -->
