<?xml version="1.0" encoding="UTF-8"?>
<!-- Generated by org.testng.reporters.JUnitReportReporter -->
<testsuite hostname="LAPTOP-QC1KKNSF" failures="0" tests="2" name="com.test.LoginPages" time="7.281" errors="0" timestamp="2024-09-05T15:58:20 IST" skipped="0">
  <testcase classname="com.test.LoginPages" name="openapp" time="5.467"/>
  <testcase classname="com.test.LoginPages" name="testlogin" time="1.814"/>
</testsuite> <!-- com.test.LoginPages -->
